**********************
PowerShell transcript start
Start time: 20250210084556
Username: DESKTOP-KNFSRUC\marti
RunAs User: DESKTOP-KNFSRUC\marti
Configuration Name: 
Machine: DESKTOP-KNFSRUC (Microsoft Windows NT 10.0.22631.0)
Host Application: C:\Program Files\PowerShell\7\pwsh.dll -noexit -command try { . "c:\Users\marti\AppData\Local\Programs\Windsurf\resources\app\out\vs\workbench\contrib\terminal\common\scripts\shellIntegration.ps1" } catch {}
Process ID: 32356
PSVersion: 7.4.6
PSEdition: Core
GitCommitId: 7.4.6
OS: Microsoft Windows 10.0.22631
Platform: Win32NT
PSCompatibleVersions: 1.0, 2.0, 3.0, 4.0, 5.0, 5.1, 6.0, 7.0
PSRemotingProtocolVersion: 2.3
SerializationVersion: 1.1.0.1
WSManStackVersion: 3.0
**********************
Session log started at: 2025-02-10_08-45
=== PRE-SESSION CHECKLIST ===

1. Checking Environment...
Node Version: v20.15.1
NPM Version: 10.8.2


2. Verifying Project Strategy...

3. Starting Required Services...
Started Prisma Studio on port 5555

4. Checking Documentation...

5. Verifying Recovery Points...
Checking recovery point for: Front Page
Checking recovery point for: Authentication System

=== CHECKLIST COMPLETE ===
Ready to start development session!
Session initialized. Log file: C:\Users\marti\CascadeProjects\quai-3.0.0-fresh\logs Transcript started, output file is C:\Users\marti\CascadeProjects\quai-3.0.0-fresh\logs\session_2025-02-10_08-45.log C:\Users\marti\CascadeProjects\quai-3.0.0-fresh\logs\session_2025-02-10_08-45.log
**********************
PowerShell transcript end
End time: 20250210084605
**********************
